<?xml version="1.0" encoding="UTF-8"?>
<testng-results skipped="0" failed="0" ignored="0" total="2" passed="2">
  <reporter-output>
  </reporter-output>
  <suite name="Default suite" duration-ms="150773" started-at="2021-01-30T09:32:44 MST" finished-at="2021-01-30T09:35:15 MST">
    <groups>
    </groups>
    <test name="Default test" duration-ms="150773" started-at="2021-01-30T09:32:44 MST" finished-at="2021-01-30T09:35:15 MST">
      <class name="com.maheshsirproject.ecommerce.home.TC001_CustomerRegistration">
        <test-method status="PASS" signature="beforeTest()[pri:0, instance:com.maheshsirproject.ecommerce.home.TC001_CustomerRegistration@5e57643e]" name="beforeTest" is-config="true" duration-ms="85076" started-at="2021-01-30T09:32:44 MST" finished-at="2021-01-30T09:34:09 MST">
          <reporter-output>
          </reporter-output>
        </test-method> <!-- beforeTest -->
        <test-method status="PASS" signature="startReport(java.lang.reflect.Method)[pri:0, instance:com.maheshsirproject.ecommerce.home.TC001_CustomerRegistration@5e57643e]" name="startReport" is-config="true" duration-ms="8" started-at="2021-01-30T09:34:09 MST" finished-at="2021-01-30T09:34:09 MST">
          <params>
            <param index="0">
              <value>
                <![CDATA[public void com.maheshsirproject.ecommerce.home.TC001_CustomerRegistration.customerRegistration() throws java.lang.Exception]]>
              </value>
            </param>
          </params>
          <reporter-output>
          </reporter-output>
        </test-method> <!-- startReport -->
        <test-method status="PASS" signature="customerRegistration()[pri:0, instance:com.maheshsirproject.ecommerce.home.TC001_CustomerRegistration@5e57643e]" name="customerRegistration" duration-ms="47101" started-at="2021-01-30T09:34:09 MST" finished-at="2021-01-30T09:34:56 MST">
          <reporter-output>
          </reporter-output>
        </test-method> <!-- customerRegistration -->
        <test-method status="PASS" signature="endReport(org.testng.ITestResult)[pri:0, instance:com.maheshsirproject.ecommerce.home.TC001_CustomerRegistration@5e57643e]" name="endReport" is-config="true" duration-ms="4" started-at="2021-01-30T09:34:56 MST" finished-at="2021-01-30T09:34:56 MST">
          <params>
            <param index="0">
              <value>
                <![CDATA[[TestResult name=customerRegistration status=SUCCESS method=TC001_CustomerRegistration.customerRegistration()[pri:0, instance:com.maheshsirproject.ecommerce.home.TC001_CustomerRegistration@5e57643e] output={null}]]]>
              </value>
            </param>
          </params>
          <reporter-output>
          </reporter-output>
        </test-method> <!-- endReport -->
        <test-method status="PASS" signature="startReport(java.lang.reflect.Method)[pri:0, instance:com.maheshsirproject.ecommerce.home.TC001_CustomerRegistration@5e57643e]" name="startReport" is-config="true" duration-ms="8" started-at="2021-01-30T09:34:56 MST" finished-at="2021-01-30T09:34:56 MST">
          <params>
            <param index="0">
              <value>
                <![CDATA[public void com.maheshsirproject.ecommerce.home.TC001_CustomerRegistration.verifyLogin()]]>
              </value>
            </param>
          </params>
          <reporter-output>
          </reporter-output>
        </test-method> <!-- startReport -->
        <test-method status="PASS" signature="verifyLogin()[pri:0, instance:com.maheshsirproject.ecommerce.home.TC001_CustomerRegistration@5e57643e]" name="verifyLogin" duration-ms="22" started-at="2021-01-30T09:34:56 MST" finished-at="2021-01-30T09:34:56 MST">
          <reporter-output>
          </reporter-output>
        </test-method> <!-- verifyLogin -->
        <test-method status="PASS" signature="endReport(org.testng.ITestResult)[pri:0, instance:com.maheshsirproject.ecommerce.home.TC001_CustomerRegistration@5e57643e]" name="endReport" is-config="true" duration-ms="1" started-at="2021-01-30T09:34:57 MST" finished-at="2021-01-30T09:34:57 MST">
          <params>
            <param index="0">
              <value>
                <![CDATA[[TestResult name=verifyLogin status=SUCCESS method=TC001_CustomerRegistration.verifyLogin()[pri:0, instance:com.maheshsirproject.ecommerce.home.TC001_CustomerRegistration@5e57643e] output={null}]]]>
              </value>
            </param>
          </params>
          <reporter-output>
          </reporter-output>
        </test-method> <!-- endReport -->
        <test-method status="PASS" signature="endTest()[pri:0, instance:com.maheshsirproject.ecommerce.home.TC001_CustomerRegistration@5e57643e]" name="endTest" is-config="true" duration-ms="18192" started-at="2021-01-30T09:34:57 MST" finished-at="2021-01-30T09:35:15 MST">
          <reporter-output>
          </reporter-output>
        </test-method> <!-- endTest -->
      </class> <!-- com.maheshsirproject.ecommerce.home.TC001_CustomerRegistration -->
    </test> <!-- Default test -->
  </suite> <!-- Default suite -->
</testng-results>
