<?xml version="1.0" encoding="UTF-8"?>
<!-- Generated by org.testng.reporters.JUnitXMLReporter -->
<testsuite hostname="DESKTOP-I25G9L4" ignored="0" name="Default test" tests="2" failures="0" timestamp="2021-01-30T09:35:15 MST" time="150.396" errors="0">
  <testcase name="customerRegistration" time="47.871" classname="com.maheshsirproject.ecommerce.home.TC001_CustomerRegistration"/>
  <testcase name="verifyLogin" time="0.002" classname="com.maheshsirproject.ecommerce.home.TC001_CustomerRegistration"/>
</testsuite> <!-- Default test -->
