<?xml version="1.0" encoding="UTF-8"?>
<!-- Generated by org.testng.reporters.JUnitXMLReporter -->
<testsuite hostname="DESKTOP-I25G9L4" ignored="0" name="Test" tests="2" failures="0" timestamp="25 Feb 2021 06:13:27 GMT" time="32.915" errors="0">
  <testcase name="customerRegistration" time="21.187" classname="com.maheshsirproject.ecommerce.home.TC001_CustomerRegistration"/>
  <testcase name="verifyLogin" time="0.0" classname="com.maheshsirproject.ecommerce.home.TC001_CustomerRegistration"/>
</testsuite> <!-- Test -->
