<?xml version="1.0" encoding="UTF-8"?>
<!-- Generated by org.testng.reporters.JUnitXMLReporter -->
<testsuite hostname="DESKTOP-I25G9L4" ignored="0" name="Test" tests="2" failures="0" timestamp="2021-01-29T13:56:27 MST" time="42.227" errors="0">
  <testcase name="customerRegistration" time="21.406" classname="com.maheshsirproject.ecommerce.home.TC001_CustomerRegistration"/>
  <testcase name="verifyLogin" time="0.001" classname="com.maheshsirproject.ecommerce.home.TC001_CustomerRegistration"/>
</testsuite> <!-- Test -->
