<?xml version="1.0" encoding="UTF-8"?>
<testng-results skipped="0" failed="0" ignored="0" total="2" passed="2">
  <reporter-output>
    <line>
      <![CDATA[Test Start Running customerRegistration]]>
    </line>
    <line>
      <![CDATA[Test is success customerRegistration]]>
    </line>
    <line>
      <![CDATA[Test Start Running verifyLogin]]>
    </line>
    <line>
      <![CDATA[Test is success verifyLogin]]>
    </line>
  </reporter-output>
  <suite name="Suite" duration-ms="32915" started-at="2021-02-25T06:12:54Z" finished-at="2021-02-25T06:13:27Z">
    <groups>
    </groups>
    <test name="Test" duration-ms="32915" started-at="2021-02-25T06:12:54Z" finished-at="2021-02-25T06:13:27Z">
      <class name="com.maheshsirproject.ecommerce.home.TC001_CustomerRegistration">
        <test-method status="PASS" signature="beforeTest()[pri:0, instance:com.maheshsirproject.ecommerce.home.TC001_CustomerRegistration@5276e6b0]" name="beforeTest" is-config="true" duration-ms="9368" started-at="2021-02-25T06:12:54Z" finished-at="2021-02-25T06:13:03Z">
          <reporter-output>
          </reporter-output>
        </test-method> <!-- beforeTest -->
        <test-method status="PASS" signature="startReport(java.lang.reflect.Method)[pri:0, instance:com.maheshsirproject.ecommerce.home.TC001_CustomerRegistration@5276e6b0]" name="startReport" is-config="true" duration-ms="7" started-at="2021-02-25T06:13:03Z" finished-at="2021-02-25T06:13:03Z">
          <params>
            <param index="0">
              <value>
                <![CDATA[public void com.maheshsirproject.ecommerce.home.TC001_CustomerRegistration.customerRegistration() throws java.lang.Exception]]>
              </value>
            </param>
          </params>
          <reporter-output>
          </reporter-output>
        </test-method> <!-- startReport -->
        <test-method status="PASS" signature="customerRegistration()[pri:0, instance:com.maheshsirproject.ecommerce.home.TC001_CustomerRegistration@5276e6b0]" name="customerRegistration" duration-ms="21187" started-at="2021-02-25T06:13:03Z" finished-at="2021-02-25T06:13:25Z">
          <reporter-output>
            <line>
              <![CDATA[Test Start Running customerRegistration]]>
            </line>
            <line>
              <![CDATA[Test is success customerRegistration]]>
            </line>
          </reporter-output>
        </test-method> <!-- customerRegistration -->
        <test-method status="PASS" signature="endReport(org.testng.ITestResult)[pri:0, instance:com.maheshsirproject.ecommerce.home.TC001_CustomerRegistration@5276e6b0]" name="endReport" is-config="true" duration-ms="0" started-at="2021-02-25T06:13:25Z" finished-at="2021-02-25T06:13:25Z">
          <params>
            <param index="0">
              <value>
                <![CDATA[[TestResult name=customerRegistration status=SUCCESS method=TC001_CustomerRegistration.customerRegistration()[pri:0, instance:com.maheshsirproject.ecommerce.home.TC001_CustomerRegistration@5276e6b0] output=Test Start Running customerRegistration]]]>
              </value>
            </param>
          </params>
          <reporter-output>
          </reporter-output>
        </test-method> <!-- endReport -->
        <test-method status="PASS" signature="startReport(java.lang.reflect.Method)[pri:0, instance:com.maheshsirproject.ecommerce.home.TC001_CustomerRegistration@5276e6b0]" name="startReport" is-config="true" duration-ms="0" started-at="2021-02-25T06:13:25Z" finished-at="2021-02-25T06:13:25Z">
          <params>
            <param index="0">
              <value>
                <![CDATA[public void com.maheshsirproject.ecommerce.home.TC001_CustomerRegistration.verifyLogin()]]>
              </value>
            </param>
          </params>
          <reporter-output>
          </reporter-output>
        </test-method> <!-- startReport -->
        <test-method status="PASS" signature="verifyLogin()[pri:0, instance:com.maheshsirproject.ecommerce.home.TC001_CustomerRegistration@5276e6b0]" name="verifyLogin" duration-ms="0" started-at="2021-02-25T06:13:25Z" finished-at="2021-02-25T06:13:25Z">
          <reporter-output>
            <line>
              <![CDATA[Test Start Running verifyLogin]]>
            </line>
            <line>
              <![CDATA[Test is success verifyLogin]]>
            </line>
          </reporter-output>
        </test-method> <!-- verifyLogin -->
        <test-method status="PASS" signature="endReport(org.testng.ITestResult)[pri:0, instance:com.maheshsirproject.ecommerce.home.TC001_CustomerRegistration@5276e6b0]" name="endReport" is-config="true" duration-ms="0" started-at="2021-02-25T06:13:25Z" finished-at="2021-02-25T06:13:25Z">
          <params>
            <param index="0">
              <value>
                <![CDATA[[TestResult name=verifyLogin status=SUCCESS method=TC001_CustomerRegistration.verifyLogin()[pri:0, instance:com.maheshsirproject.ecommerce.home.TC001_CustomerRegistration@5276e6b0] output=Test Start Running verifyLogin]]]>
              </value>
            </param>
          </params>
          <reporter-output>
          </reporter-output>
        </test-method> <!-- endReport -->
        <test-method status="PASS" signature="endTest()[pri:0, instance:com.maheshsirproject.ecommerce.home.TC001_CustomerRegistration@5276e6b0]" name="endTest" is-config="true" duration-ms="2186" started-at="2021-02-25T06:13:25Z" finished-at="2021-02-25T06:13:27Z">
          <reporter-output>
          </reporter-output>
        </test-method> <!-- endTest -->
      </class> <!-- com.maheshsirproject.ecommerce.home.TC001_CustomerRegistration -->
    </test> <!-- Test -->
  </suite> <!-- Suite -->
</testng-results>
